0 info it worked if it ends with ok
1 verbose cli [ '/usr/local/bin/node',
1 verbose cli   '/usr/local/bin/npm',
1 verbose cli   'install',
1 verbose cli   '@appbaseio/reactivesearch: ^2.5.1' ]
2 info using npm@6.4.1
3 info using node@v10.15.3
4 verbose npm-session 28a4261e82bb5074
5 silly install loadCurrentTree
6 silly install readLocalPackageData
7 silly fetchPackageMetaData error for file:@appbaseio/reactivesearch: ^2.5.1 Could not install from "@appbaseio/reactivesearch: ^2.5.1" as it does not contain a package.json file.
8 timing stage:rollbackFailedOptional Completed in 1ms
9 timing stage:runTopLevelLifecycles Completed in 1650ms
10 verbose stack Error: ENOENT: no such file or directory, open '/Users/marlonavery/Desktop/Development/React/airship/@appbaseio/reactivesearch: ^2.5.1/package.json'
11 verbose cwd /Users/marlonavery/Desktop/Development/React/airship
12 verbose Darwin 18.5.0
13 verbose argv "/usr/local/bin/node" "/usr/local/bin/npm" "install" "@appbaseio/reactivesearch: ^2.5.1"
14 verbose node v10.15.3
15 verbose npm  v6.4.1
16 error code ENOLOCAL
17 error Could not install from "@appbaseio/reactivesearch: ^2.5.1" as it does not contain a package.json file.
18 verbose exit [ 1, true ]
