0 info it worked if it ends with ok
1 verbose cli [ '/usr/local/bin/node',
1 verbose cli   '/usr/local/bin/npm',
1 verbose cli   'install',
1 verbose cli   '@appbaseio/reactivesearch',
1 verbose cli   '2.5.1' ]
2 info using npm@6.4.1
3 info using node@v10.15.3
4 verbose npm-session 029a2d899eb1464f
5 silly install loadCurrentTree
6 silly install readLocalPackageData
7 http fetch GET 404 https://registry.npmjs.org/2.5.1 773ms
8 silly fetchPackageMetaData error for 2.5.1@latest 404 Not Found: 2.5.1@latest
9 http fetch GET 304 https://registry.npmjs.org/@appbaseio%2freactivesearch 973ms (from cache)
10 silly pacote range manifest for @appbaseio/reactivesearch@^3.0.0-rc.8 fetched in 992ms
11 timing stage:rollbackFailedOptional Completed in 1ms
12 timing stage:runTopLevelLifecycles Completed in 2683ms
13 verbose stack Error: 404 Not Found: 2.5.1@latest
13 verbose stack     at fetch.then.res (/usr/local/lib/node_modules/npm/node_modules/pacote/lib/fetchers/registry/fetch.js:42:19)
13 verbose stack     at tryCatcher (/usr/local/lib/node_modules/npm/node_modules/bluebird/js/release/util.js:16:23)
13 verbose stack     at Promise._settlePromiseFromHandler (/usr/local/lib/node_modules/npm/node_modules/bluebird/js/release/promise.js:512:31)
13 verbose stack     at Promise._settlePromise (/usr/local/lib/node_modules/npm/node_modules/bluebird/js/release/promise.js:569:18)
13 verbose stack     at Promise._settlePromise0 (/usr/local/lib/node_modules/npm/node_modules/bluebird/js/release/promise.js:614:10)
13 verbose stack     at Promise._settlePromises (/usr/local/lib/node_modules/npm/node_modules/bluebird/js/release/promise.js:693:18)
13 verbose stack     at Async._drainQueue (/usr/local/lib/node_modules/npm/node_modules/bluebird/js/release/async.js:133:16)
13 verbose stack     at Async._drainQueues (/usr/local/lib/node_modules/npm/node_modules/bluebird/js/release/async.js:143:10)
13 verbose stack     at Immediate.Async.drainQueues [as _onImmediate] (/usr/local/lib/node_modules/npm/node_modules/bluebird/js/release/async.js:17:14)
13 verbose stack     at runCallback (timers.js:705:18)
13 verbose stack     at tryOnImmediate (timers.js:676:5)
13 verbose stack     at processImmediate (timers.js:658:5)
14 verbose cwd /Users/marlonavery/Desktop/Development/React/airship
15 verbose Darwin 18.5.0
16 verbose argv "/usr/local/bin/node" "/usr/local/bin/npm" "install" "@appbaseio/reactivesearch" "2.5.1"
17 verbose node v10.15.3
18 verbose npm  v6.4.1
19 error code E404
20 error 404 Not Found: 2.5.1@latest
21 verbose exit [ 1, true ]
